[2023-07-04T14:18:05.410+0000] {manager.py:483} INFO - Processing files using up to 2 processes at a time 
[2023-07-04T14:18:05.412+0000] {manager.py:484} INFO - Process each file at most once every 30 seconds
[2023-07-04T14:18:05.414+0000] {manager.py:486} INFO - Checking for new files in /opt/airflow/dags every 300 seconds
[2023-07-04T14:18:05.416+0000] {manager.py:726} INFO - Searching for files in /opt/airflow/dags
[2023-07-04T14:18:05.461+0000] {manager.py:729} INFO - There are 1 files in /opt/airflow/dags
[2023-07-04T14:18:05.538+0000] {manager.py:854} INFO - 
================================================================================
DAG File Processing Stats

File Path                        PID  Runtime      # DAGs    # Errors  Last Runtime    Last Run
-----------------------------  -----  ---------  --------  ----------  --------------  ----------
/opt/airflow/dags/test_dag.py    169  0.04s             0           0
================================================================================
[2023-07-04T14:18:35.682+0000] {manager.py:854} INFO - 
================================================================================
DAG File Processing Stats

File Path                      PID    Runtime      # DAGs    # Errors  Last Runtime    Last Run
-----------------------------  -----  ---------  --------  ----------  --------------  -------------------
/opt/airflow/dags/test_dag.py                           1           0  0.38s           2023-07-04T14:18:05
================================================================================
[2023-07-04T14:19:06.218+0000] {manager.py:854} INFO - 
================================================================================
DAG File Processing Stats

File Path                        PID  Runtime      # DAGs    # Errors  Last Runtime    Last Run
-----------------------------  -----  ---------  --------  ----------  --------------  -------------------
/opt/airflow/dags/test_dag.py    194  0.00s             1           0  0.17s           2023-07-04T14:18:36
================================================================================
[2023-07-04T14:19:36.521+0000] {manager.py:854} INFO - 
================================================================================
DAG File Processing Stats

File Path                        PID  Runtime      # DAGs    # Errors  Last Runtime    Last Run
-----------------------------  -----  ---------  --------  ----------  --------------  -------------------
/opt/airflow/dags/test_dag.py    211  0.00s             1           0  0.17s           2023-07-04T14:19:06
================================================================================
[2023-07-04T14:20:06.705+0000] {manager.py:854} INFO - 
================================================================================
DAG File Processing Stats

File Path                        PID  Runtime      # DAGs    # Errors  Last Runtime    Last Run
-----------------------------  -----  ---------  --------  ----------  --------------  -------------------
/opt/airflow/dags/test_dag.py    223  0.00s             1           0  0.18s           2023-07-04T14:19:36
================================================================================
[2023-07-04T14:20:37.029+0000] {manager.py:854} INFO - 
================================================================================
DAG File Processing Stats

File Path                        PID  Runtime      # DAGs    # Errors  Last Runtime    Last Run
-----------------------------  -----  ---------  --------  ----------  --------------  -------------------
/opt/airflow/dags/test_dag.py    235  0.01s             1           0  0.21s           2023-07-04T14:20:06
================================================================================
[2023-07-04T14:21:07.253+0000] {manager.py:854} INFO - 
================================================================================
DAG File Processing Stats

File Path                        PID  Runtime      # DAGs    # Errors  Last Runtime    Last Run
-----------------------------  -----  ---------  --------  ----------  --------------  -------------------
/opt/airflow/dags/test_dag.py    247  0.00s             1           0  0.19s           2023-07-04T14:20:37
================================================================================
[2023-07-04T14:21:37.550+0000] {manager.py:854} INFO - 
================================================================================
DAG File Processing Stats

File Path                        PID  Runtime      # DAGs    # Errors  Last Runtime    Last Run
-----------------------------  -----  ---------  --------  ----------  --------------  -------------------
/opt/airflow/dags/test_dag.py    259  0.01s             1           0  0.17s           2023-07-04T14:21:07
================================================================================
[2023-07-04T14:21:38.590+0000] {manager.py:465} INFO - Exiting gracefully upon receiving signal 15
